Log file open, 12/09/17 00:36:58
LogWindows: Failed to load 'aqProf.dll' (GetLastError=126)
LogWindows: File 'aqProf.dll' does not exist
LogWindows: Failed to load 'VtuneApi.dll' (GetLastError=126)
LogWindows: File 'VtuneApi.dll' does not exist
LogWindows: Failed to load 'VtuneApi32e.dll' (GetLastError=126)
LogWindows: File 'VtuneApi32e.dll' does not exist
LogInit: Display: Running engine for game: SLAY
LogPlatformFile: Not using cached read wrapper
LogInit: Display: RandInit(621899657) SRandInit(621899657).
LogInit: Read version file with build ID '3709383'
LogInit: Overriding engine version to CL 3754814, compatible CL 3709383
LogInit: Registered custom module enumerator with build ID '3709383'
LogTaskGraph: Started task graph with 5 named threads and 14 total threads with 3 sets of task threads.
LogStats: Stats thread started at 0.172765
LogD3D11RHI: Aftermath initialized
LogModuleManager: Display: Found up-to-date module file ../../../Engine/Plugins/2D/Paper2D/Binaries/Win64/UE4Editor-Paper2D.dll (API version 3709383).
LogModuleManager: Display: Found up-to-date module file ../../../Engine/Plugins/2D/Paper2D/Binaries/Win64/UE4Editor-Paper2DEditor.dll (API version 3709383).
LogModuleManager: Display: Found up-to-date module file ../../../Engine/Plugins/2D/Paper2D/Binaries/Win64/UE4Editor-PaperSpriteSheetImporter.dll (API version 3709383).
LogModuleManager: Display: Found up-to-date module file ../../../Engine/Plugins/2D/Paper2D/Binaries/Win64/UE4Editor-PaperTiledImporter.dll (API version 3709383).
LogModuleManager: Display: Found up-to-date module file ../../../Engine/Plugins/2D/Paper2D/Binaries/Win64/UE4Editor-SmartSnapping.dll (API version 3709383).
LogModuleManager: Display: Found up-to-date module file ../../../Engine/Plugins/Blendables/LightPropagationVolume/Binaries/Win64/UE4Editor-LightPropagationVolumeRuntime.dll (API version 3709383).
LogModuleManager: Display: Found up-to-date module file ../../../Engine/Plugins/Blendables/LightPropagationVolume/Binaries/Win64/UE4Editor-LightPropagationVolumeEditor.dll (API version 3709383).
LogModuleManager: Display: Found up-to-date module file ../../../Engine/Plugins/Developer/GitSourceControl/Binaries/Win64/UE4Editor-GitSourceControl.dll (API version 3709383).
LogModuleManager: Display: Found up-to-date module file ../../../Engine/Plugins/Developer/PerforceSourceControl/Binaries/Win64/UE4Editor-PerforceSourceControl.dll (API version 3709383).
LogModuleManager: Display: Found up-to-date module file ../../../Engine/Plugins/Developer/SubversionSourceControl/Binaries/Win64/UE4Editor-SubversionSourceControl.dll (API version 3709383).
LogModuleManager: Display: Found up-to-date module file ../../../Engine/Plugins/Developer/UObjectPlugin/Binaries/Win64/UE4Editor-UObjectPlugin.dll (API version 3709383).
LogModuleManager: Display: Found up-to-date module file ../../../Engine/Plugins/Developer/VisualStudioCodeSourceCodeAccess/Binaries/Win64/UE4Editor-VisualStudioCodeSourceCodeAccess.dll (API version 3709383).
LogModuleManager: Display: Found up-to-date module file ../../../Engine/Plugins/Developer/VisualStudioSourceCodeAccess/Binaries/Win64/UE4Editor-VisualStudioSourceCodeAccess.dll (API version 3709383).
LogModuleManager: Display: Found up-to-date module file ../../../Engine/Plugins/Editor/AssetManagerEditor/Binaries/Win64/UE4Editor-AssetManagerEditor.dll (API version 3709383).
LogModuleManager: Display: Found up-to-date module file ../../../Engine/Plugins/Editor/AudioCapture/Binaries/Win64/UE4Editor-AudioCapture.dll (API version 3709383).
LogModuleManager: Display: Found up-to-date module file ../../../Engine/Plugins/Editor/FacialAnimation/Binaries/Win64/UE4Editor-FacialAnimation.dll (API version 3709383).
LogModuleManager: Display: Found up-to-date module file ../../../Engine/Plugins/Editor/FacialAnimation/Binaries/Win64/UE4Editor-FacialAnimationEditor.dll (API version 3709383).
LogModuleManager: Display: Found up-to-date module file ../../../Engine/Plugins/Editor/GameplayTagsEditor/Binaries/Win64/UE4Editor-GameplayTagsEditor.dll (API version 3709383).
LogModuleManager: Display: Found up-to-date module file ../../../Engine/Plugins/Editor/MobileLauncherProfileWizard/Binaries/Win64/UE4Editor-MobileLauncherProfileWizard.dll (API version 3709383).
LogModuleManager: Display: Found up-to-date module file ../../../Engine/Plugins/Editor/PluginBrowser/Binaries/Win64/UE4Editor-PluginBrowser.dll (API version 3709383).
LogModuleManager: Display: Found up-to-date module file ../../../Engine/Plugins/Editor/SpeedTreeImporter/Binaries/Win64/UE4Editor-SpeedTreeImporter.dll (API version 3709383).
LogModuleManager: Display: Found up-to-date module file ../../../Engine/Plugins/Experimental/AlembicImporter/Binaries/Win64/UE4Editor-AlembicImporter.dll (API version 3709383).
LogModuleManager: Display: Found up-to-date module file ../../../Engine/Plugins/Experimental/AlembicImporter/Binaries/Win64/UE4Editor-AlembicLibrary.dll (API version 3709383).
LogModuleManager: Display: Found up-to-date module file ../../../Engine/Plugins/Experimental/CharacterAI/Binaries/Win64/UE4Editor-CharacterAI.dll (API version 3709383).
LogModuleManager: Display: Found up-to-date module file ../../../Engine/Plugins/Experimental/HTML5Networking/Binaries/Win64/UE4Editor-HTML5Networking.dll (API version 3709383).
LogModuleManager: Display: Found up-to-date module file ../../../Engine/Plugins/Media/AndroidMedia/Binaries/Win64/UE4Editor-AndroidMediaEditor.dll (API version 3709383).
LogModuleManager: Display: Found up-to-date module file ../../../Engine/Plugins/Media/AndroidMedia/Binaries/Win64/UE4Editor-AndroidMediaFactory.dll (API version 3709383).
LogModuleManager: Display: Found up-to-date module file ../../../Engine/Plugins/Media/AvfMedia/Binaries/Win64/UE4Editor-AvfMediaEditor.dll (API version 3709383).
LogModuleManager: Display: Found up-to-date module file ../../../Engine/Plugins/Media/AvfMedia/Binaries/Win64/UE4Editor-AvfMediaFactory.dll (API version 3709383).
LogModuleManager: Display: Found up-to-date module file ../../../Engine/Plugins/Media/AvfMedia/Binaries/Win64/UE4Editor-AvfMediaFactory.dll (API version 3709383).
LogModuleManager: Display: Found up-to-date module file ../../../Engine/Plugins/Media/ImgMedia/Binaries/Win64/UE4Editor-ImgMedia.dll (API version 3709383).
LogModuleManager: Display: Found up-to-date module file ../../../Engine/Plugins/Media/ImgMedia/Binaries/Win64/UE4Editor-ImgMediaEditor.dll (API version 3709383).
LogModuleManager: Display: Found up-to-date module file ../../../Engine/Plugins/Media/ImgMedia/Binaries/Win64/UE4Editor-ImgMediaFactory.dll (API version 3709383).
LogModuleManager: Display: Found up-to-date module file ../../../Engine/Plugins/Media/ImgMedia/Binaries/Win64/UE4Editor-ImgMediaFactory.dll (API version 3709383).
LogModuleManager: Display: Found up-to-date module file ../../../Engine/Plugins/Media/ImgMedia/Binaries/Win64/UE4Editor-OpenExrWrapper.dll (API version 3709383).
LogModuleManager: Display: Found up-to-date module file ../../../Engine/Plugins/Media/MediaCompositing/Binaries/Win64/UE4Editor-MediaCompositing.dll (API version 3709383).
LogModuleManager: Display: Found up-to-date module file ../../../Engine/Plugins/Media/MediaCompositing/Binaries/Win64/UE4Editor-MediaCompositingEditor.dll (API version 3709383).
LogModuleManager: Display: Found up-to-date module file ../../../Engine/Plugins/Media/MediaPlayerEditor/Binaries/Win64/UE4Editor-MediaPlayerEditor.dll (API version 3709383).
LogModuleManager: Display: Found up-to-date module file ../../../Engine/Plugins/Media/WmfMedia/Binaries/Win64/UE4Editor-WmfMedia.dll (API version 3709383).
LogModuleManager: Display: Found up-to-date module file ../../../Engine/Plugins/Media/WmfMedia/Binaries/Win64/UE4Editor-WmfMediaEditor.dll (API version 3709383).
LogModuleManager: Display: Found up-to-date module file ../../../Engine/Plugins/Media/WmfMedia/Binaries/Win64/UE4Editor-WmfMediaFactory.dll (API version 3709383).
LogModuleManager: Display: Found up-to-date module file ../../../Engine/Plugins/Media/WmfMedia/Binaries/Win64/UE4Editor-WmfMediaFactory.dll (API version 3709383).
LogModuleManager: Display: Found up-to-date module file ../../../Engine/Plugins/Messaging/TcpMessaging/Binaries/Win64/UE4Editor-TcpMessaging.dll (API version 3709383).
LogModuleManager: Display: Found up-to-date module file ../../../Engine/Plugins/Messaging/UdpMessaging/Binaries/Win64/UE4Editor-UdpMessaging.dll (API version 3709383).
LogModuleManager: Display: Found up-to-date module file ../../../Engine/Plugins/MovieScene/ActorSequence/Binaries/Win64/UE4Editor-ActorSequence.dll (API version 3709383).
LogModuleManager: Display: Found up-to-date module file ../../../Engine/Plugins/MovieScene/LevelSequenceEditor/Binaries/Win64/UE4Editor-LevelSequenceEditor.dll (API version 3709383).
LogModuleManager: Display: Found up-to-date module file ../../../Engine/Plugins/MovieScene/MatineeToLevelSequence/Binaries/Win64/UE4Editor-MatineeToLevelSequence.dll (API version 3709383).
LogModuleManager: Display: Found up-to-date module file ../../../Engine/Plugins/Online/OnlineSubsystem/Binaries/Win64/UE4Editor-OnlineSubsystem.dll (API version 3709383).
LogModuleManager: Display: Found up-to-date module file ../../../Engine/Plugins/Runtime/AndroidPermission/Binaries/Win64/UE4Editor-AndroidPermission.dll (API version 3709383).
LogModuleManager: Display: Found up-to-date module file ../../../Engine/Plugins/Online/OnlineSubsystemNull/Binaries/Win64/UE4Editor-OnlineSubsystemNull.dll (API version 3709383).
LogModuleManager: Display: Found up-to-date module file ../../../Engine/Plugins/Online/OnlineSubsystemUtils/Binaries/Win64/UE4Editor-OnlineSubsystemUtils.dll (API version 3709383).
LogModuleManager: Display: Found up-to-date module file ../../../Engine/Plugins/Online/OnlineSubsystemUtils/Binaries/Win64/UE4Editor-OnlineBlueprintSupport.dll (API version 3709383).
LogModuleManager: Display: Found up-to-date module file ../../../Engine/Plugins/Runtime/AndroidDeviceProfileSelector/Binaries/Win64/UE4Editor-AndroidDeviceProfileSelector.dll (API version 3709383).
LogModuleManager: Display: Found up-to-date module file ../../../Engine/Plugins/Runtime/AppleARKit/Binaries/Win64/UE4Editor-AppleARKit.dll (API version 3709383).
LogModuleManager: Display: Found up-to-date module file ../../../Engine/Plugins/Runtime/ArchVisCharacter/Binaries/Win64/UE4Editor-ArchVisCharacter.dll (API version 3709383).
LogModuleManager: Display: Found up-to-date module file ../../../Engine/Plugins/Runtime/CableComponent/Binaries/Win64/UE4Editor-CableComponent.dll (API version 3709383).
LogModuleManager: Display: Found up-to-date module file ../../../Engine/Plugins/Runtime/CustomMeshComponent/Binaries/Win64/UE4Editor-CustomMeshComponent.dll (API version 3709383).
LogModuleManager: Display: Found up-to-date module file ../../../Engine/Plugins/Runtime/ExampleDeviceProfileSelector/Binaries/Win64/UE4Editor-ExampleDeviceProfileSelector.dll (API version 3709383).
LogModuleManager: Display: Found up-to-date module file ../../../Engine/Plugins/Runtime/ImmediatePhysics/Binaries/Win64/UE4Editor-ImmediatePhysics.dll (API version 3709383).
LogModuleManager: Display: Found up-to-date module file ../../../Engine/Plugins/Runtime/ImmediatePhysics/Binaries/Win64/UE4Editor-ImmediatePhysicsEditor.dll (API version 3709383).
LogModuleManager: Display: Found up-to-date module file ../../../Engine/Plugins/Runtime/LocationServicesBPLibrary/Binaries/Win64/UE4Editor-LocationServicesBPLibrary.dll (API version 3709383).
LogModuleManager: Display: Found up-to-date module file ../../../Engine/Plugins/Runtime/MobilePatchingUtils/Binaries/Win64/UE4Editor-MobilePatchingUtils.dll (API version 3709383).
LogModuleManager: Display: Found up-to-date module file ../../../Engine/Plugins/Runtime/Oculus/OculusVR/Binaries/Win64/UE4Editor-OculusHMD.dll (API version 3709383).
LogModuleManager: Display: Found up-to-date module file ../../../Engine/Plugins/Runtime/Oculus/OculusVR/Binaries/Win64/UE4Editor-OculusInput.dll (API version 3709383).
LogModuleManager: Display: Found up-to-date module file ../../../Engine/Plugins/Runtime/Oculus/OculusVR/Binaries/Win64/UE4Editor-OculusEditor.dll (API version 3709383).
LogModuleManager: Display: Found up-to-date module file ../../../Engine/Plugins/Runtime/PhysXVehicles/Binaries/Win64/UE4Editor-PhysXVehicles.dll (API version 3709383).
LogModuleManager: Display: Found up-to-date module file ../../../Engine/Plugins/Runtime/PhysXVehicles/Binaries/Win64/UE4Editor-PhysXVehiclesEditor.dll (API version 3709383).
LogModuleManager: Display: Found up-to-date module file ../../../Engine/Plugins/Runtime/ProceduralMeshComponent/Binaries/Win64/UE4Editor-ProceduralMeshComponent.dll (API version 3709383).
LogModuleManager: Display: Found up-to-date module file ../../../Engine/Plugins/Runtime/ProceduralMeshComponent/Binaries/Win64/UE4Editor-ProceduralMeshComponentEditor.dll (API version 3709383).
LogModuleManager: Display: Found up-to-date module file ../../../Engine/Plugins/Runtime/RuntimePhysXCooking/Binaries/Win64/UE4Editor-RuntimePhysXCooking.dll (API version 3709383).
LogModuleManager: Display: Found up-to-date module file ../../../Engine/Plugins/Runtime/Steam/SteamVR/Binaries/Win64/UE4Editor-SteamVR.dll (API version 3709383).
LogModuleManager: Display: Found up-to-date module file ../../../Engine/Plugins/Runtime/Steam/SteamVR/Binaries/Win64/UE4Editor-SteamVRController.dll (API version 3709383).
LogModuleManager: Display: Found up-to-date module file ../../../Engine/Plugins/Runtime/WindowsMoviePlayer/Binaries/Win64/UE4Editor-WindowsMoviePlayer.dll (API version 3709383).
LogPluginManager: Mounting plugin Paper2D
LogPluginManager: Mounting plugin LightPropagationVolume
LogPluginManager: Mounting plugin CodeLiteSourceCodeAccess
LogPluginManager: Mounting plugin GitSourceControl
LogPluginManager: Mounting plugin KDevelopSourceCodeAccess
LogPluginManager: Mounting plugin NullSourceCodeAccess
LogPluginManager: Mounting plugin PerforceSourceControl
LogPluginManager: Mounting plugin SubversionSourceControl
LogPluginManager: Mounting plugin UObjectPlugin
LogPluginManager: Mounting plugin VisualStudioCodeSourceCodeAccess
LogPluginManager: Mounting plugin VisualStudioSourceCodeAccess
LogPluginManager: Mounting plugin XCodeSourceCodeAccess
LogPluginManager: Mounting plugin AssetManagerEditor
LogPluginManager: Mounting plugin AudioCapture
LogPluginManager: Mounting plugin FacialAnimation
LogPluginManager: Mounting plugin GameplayTagsEditor
LogPluginManager: Mounting plugin MobileLauncherProfileWizard
LogPluginManager: Mounting plugin PluginBrowser
LogPluginManager: Mounting plugin SpeedTreeImporter
LogPluginManager: Mounting plugin AlembicImporter
LogPluginManager: Mounting plugin CharacterAI
LogPluginManager: Mounting plugin HTML5Networking
LogPluginManager: Mounting plugin AndroidMedia
LogPluginManager: Mounting plugin AvfMedia
LogPluginManager: Mounting plugin ImgMedia
LogPluginManager: Mounting plugin MediaCompositing
LogPluginManager: Mounting plugin MediaPlayerEditor
LogPluginManager: Mounting plugin WmfMedia
LogPluginManager: Mounting plugin TcpMessaging
LogPluginManager: Mounting plugin UdpMessaging
LogPluginManager: Mounting plugin ActorSequence
LogPluginManager: Mounting plugin LevelSequenceEditor
LogPluginManager: Mounting plugin MatineeToLevelSequence
LogPluginManager: Mounting plugin OnlineSubsystemGooglePlay
LogPluginManager: Mounting plugin OnlineSubsystemIOS
LogPluginManager: Mounting plugin OnlineSubsystem
LogPluginManager: Mounting plugin OnlineSubsystemNull
LogPluginManager: Mounting plugin OnlineSubsystemUtils
LogPluginManager: Mounting plugin AndroidDeviceProfileSelector
LogPluginManager: Mounting plugin AndroidMoviePlayer
LogPluginManager: Mounting plugin AndroidPermission
LogPluginManager: Mounting plugin AppleARKit
LogPluginManager: Mounting plugin AppleMoviePlayer
LogPluginManager: Mounting plugin ArchVisCharacter
LogPluginManager: Mounting plugin CableComponent
LogPluginManager: Mounting plugin CustomMeshComponent
LogPluginManager: Mounting plugin ExampleDeviceProfileSelector
LogPluginManager: Mounting plugin GoogleCloudMessaging
LogPluginManager: Mounting plugin ImmediatePhysics
LogPluginManager: Mounting plugin IOSDeviceProfileSelector
LogPluginManager: Mounting plugin LinuxDeviceProfileSelector
LogPluginManager: Mounting plugin LocationServicesBPLibrary
LogPluginManager: Mounting plugin MobilePatchingUtils
LogPluginManager: Mounting plugin OculusVR
LogPluginManager: Plugin shader directory ../../../Engine/Plugins/Runtime/Oculus/OculusVR/Shaders found
LogPluginManager: Mapping shader source directory ../../../Engine/Plugins/Runtime/Oculus/OculusVR/Shaders to virtual directory /Plugin/OculusVR
LogPluginManager: Mounting plugin PhysXVehicles
LogPluginManager: Mounting plugin ProceduralMeshComponent
LogPluginManager: Mounting plugin RuntimePhysXCooking
LogPluginManager: Mounting plugin SteamVR
LogPluginManager: Mounting plugin WindowsMoviePlayer
LogInit: Using libcurl 7.47.1
LogInit:  - built for x86_64-pc-win32
LogInit:  - supports SSL with OpenSSL/1.0.2g
LogInit:  - supports HTTP deflate (compression) using libz 1.2.8
LogInit:  - other features:
LogInit:      CURL_VERSION_SSL
LogInit:      CURL_VERSION_LIBZ
LogInit:      CURL_VERSION_IPV6
LogInit:      CURL_VERSION_ASYNCHDNS
LogInit:      CURL_VERSION_LARGEFILE
LogInit:      CURL_VERSION_IDN
LogInit:  CurlRequestOptions (configurable via config and command line):
LogInit:  - bVerifyPeer = false  - Libcurl will NOT verify peer certificate
LogInit:  - bUseHttpProxy = false  - Libcurl will NOT use HTTP proxy
LogInit:  - bDontReuseConnections = false  - Libcurl will reuse connections
LogInit:  - CertBundlePath = nullptr  - Libcurl will use whatever was configured at build time.
LogInit: Build: ++UE4+Release-4.18-CL-3754814
LogInit: Engine Version: 4.18.1-3754814+++UE4+Release-4.18
LogInit: Compatible Engine Version: 4.18.0-3709383+++UE4+Release-4.18
LogInit: Net CL: 3709383
LogDevObjectVersion: Number of dev versions registered: 16
LogDevObjectVersion:   Dev-Blueprints (B0D832E4-1F89-4F0D-ACCF-7EB736FD4AA2): 10
LogDevObjectVersion:   Dev-Build (E1C64328-A22C-4D53-A36C-8E866417BD8C): 0
LogDevObjectVersion:   Dev-Core (375EC13C-06E4-48FB-B500-84F0262A717E): 2
LogDevObjectVersion:   Dev-Editor (E4B068ED-F494-42E9-A231-DA0B2E46BB41): 20
LogDevObjectVersion:   Dev-Framework (CFFC743F-43B0-4480-9391-14DF171D2073): 30
LogDevObjectVersion:   Dev-Mobile (B02B49B5-BB20-44E9-A304-32B752E40360): 0
LogDevObjectVersion:   Dev-Networking (A4E4105C-59A1-49B5-A7C5-40C4547EDFEE): 0
LogDevObjectVersion:   Dev-Online (39C831C9-5AE6-47DC-9A44-9C173E1C8E7C): 0
LogDevObjectVersion:   Dev-Physics (78F01B33-EBEA-4F98-B9B4-84EACCB95AA2): 0
LogDevObjectVersion:   Dev-Platform (6631380F-2D4D-43E0-8009-CF276956A95A): 0
LogDevObjectVersion:   Dev-Rendering (12F88B9F-8875-4AFC-A67C-D90C383ABD29): 20
LogDevObjectVersion:   Dev-Sequencer (7B5AE74C-D270-4C10-A958-57980B212A5A): 4
LogDevObjectVersion:   Dev-VR (D7296918-1DD6-4BDD-9DE2-64A83CC13884): 0
LogDevObjectVersion:   Dev-LoadTimes (C2A15278-BFE7-4AFE-6C17-90FF531DF755): 1
LogDevObjectVersion:   Private-Geometry (6EACA3D4-40EC-4CC1-B786-8BED09428FC5): 1
LogDevObjectVersion:   Dev-AnimPhys (29E575DD-E0A3-4627-9D10-D276232CDCEA): 12
LogInit: Compiled (64-bit): Nov 14 2017 02:05:55
LogInit: Compiled with Visual C++: 19.00.24215.01
LogInit: Build Configuration: Development
LogInit: Branch Name: ++UE4+Release-4.18
LogInit: Command line:  
LogInit: Base directory: C:/Program Files/Epic Games/UE_4.18/Engine/Binaries/Win64/
LogInit: Installed Engine Build: 1
LogInit: Presizing for max 8388607 objects, including 0 objects not considered by GC, pre-allocating 0 bytes for permanent pool.
LogInit: Object subsystem initialized
[2017.12.09-05.36.59:365][  0]LogInit: Selected Device Profile: [Windows]
[2017.12.09-05.36.59:365][  0]LogInit: Applying CVar settings loaded from the selected device profile: [Windows]
[2017.12.09-05.36.59:377][  0]LogInit: Computer: DESKTOP-DRRKJAB
[2017.12.09-05.36.59:377][  0]LogInit: User: Lee
[2017.12.09-05.36.59:377][  0]LogInit: CPU Page size=4096, Cores=4
[2017.12.09-05.36.59:377][  0]LogInit: High frequency timer resolution =2.338350 MHz
[2017.12.09-05.36.59:378][  0]LogMemory: Memory total: Physical=15.9GB (16GB approx)
[2017.12.09-05.36.59:378][  0]LogMemory: Platform Memory Stats for Windows
[2017.12.09-05.36.59:378][  0]LogMemory: Process Physical Memory: 273.20 MB used, 273.20 MB peak
[2017.12.09-05.36.59:378][  0]LogMemory: Process Virtual Memory: 270.07 MB used, 270.07 MB peak
[2017.12.09-05.36.59:378][  0]LogMemory: Physical Memory: 5220.19 MB used,  11048.87 MB free, 16269.06 MB total
[2017.12.09-05.36.59:378][  0]LogMemory: Virtual Memory: 644.87 MB used,  11048.87 MB free, 134217728.00 MB total
[2017.12.09-05.36.59:517][  0]LogInit: Using OS detected language (en-US).
[2017.12.09-05.36.59:517][  0]LogInit: Using OS detected locale (en-US).
[2017.12.09-05.36.59:520][  0]LogTextLocalizationManager: No specific localization for 'en-US' exists, so the 'en' localization will be used.
[2017.12.09-05.37.00:190][  0]LogD3D11RHI: D3D11 adapters:
[2017.12.09-05.37.00:795][  0]LogD3D11RHI:    0. 'NVIDIA GeForce GTX 765M' (Feature Level 11_0)
[2017.12.09-05.37.00:795][  0]LogD3D11RHI:       2018/0/8134 MB DedicatedVideo/DedicatedSystem/SharedSystem, Outputs:1, VendorId:0x10de
[2017.12.09-05.37.00:800][  0]LogD3D11RHI:    1. 'Intel(R) HD Graphics 4600' (Feature Level 11_0)
[2017.12.09-05.37.00:800][  0]LogD3D11RHI:       112/0/8134 MB DedicatedVideo/DedicatedSystem/SharedSystem, Outputs:0, VendorId:0x8086
[2017.12.09-05.37.00:801][  0]LogD3D11RHI:    2. 'Microsoft Basic Render Driver' (Feature Level 11_0)
[2017.12.09-05.37.00:801][  0]LogD3D11RHI:       0/0/8134 MB DedicatedVideo/DedicatedSystem/SharedSystem, Outputs:0, VendorId:0x1414
[2017.12.09-05.37.00:801][  0]LogD3D11RHI: Chosen D3D11 Adapter: 0
[2017.12.09-05.37.00:806][  0]LogD3D11RHI: Creating new Direct3DDevice
[2017.12.09-05.37.00:806][  0]LogD3D11RHI:     GPU DeviceId: 0x11e2 (for the marketing name, search the web for "GPU Device Id")
[2017.12.09-05.37.00:806][  0]LogWindows: EnumDisplayDevices:
[2017.12.09-05.37.00:806][  0]LogWindows:    0. 'Intel(R) HD Graphics 4600' (P:1 D:1)
[2017.12.09-05.37.00:806][  0]LogWindows:    1. 'Intel(R) HD Graphics 4600' (P:0 D:0)
[2017.12.09-05.37.00:806][  0]LogWindows:    2. 'Intel(R) HD Graphics 4600' (P:0 D:0)
[2017.12.09-05.37.00:806][  0]LogWindows:    3. 'NVIDIA GeForce GTX 765M' (P:0 D:0)
[2017.12.09-05.37.00:806][  0]LogWindows:    4. 'NVIDIA GeForce GTX 765M' (P:0 D:0)
[2017.12.09-05.37.00:806][  0]LogWindows:    5. 'NVIDIA GeForce GTX 765M' (P:0 D:0)
[2017.12.09-05.37.00:807][  0]LogWindows:    6. 'NVIDIA GeForce GTX 765M' (P:0 D:0)
[2017.12.09-05.37.00:807][  0]LogWindows: DebugString: PrimaryIsNotTheChoosenAdapter PrimaryIsNotTheChoosenAdapter PrimaryIsNotTheChoosenAdapter FoundDriverCount:4 
[2017.12.09-05.37.00:807][  0]LogD3D11RHI:     Adapter Name: NVIDIA GeForce GTX 765M
[2017.12.09-05.37.00:807][  0]LogD3D11RHI:   Driver Version: 378.66 (internal:21.21.13.7866, unified:378.66)
[2017.12.09-05.37.00:807][  0]LogD3D11RHI:      Driver Date: 2-9-2017
[2017.12.09-05.37.00:807][  0]LogRHI: Texture pool is 1413 MB (70% of 2018 MB)
[2017.12.09-05.37.01:380][  0]LogD3D11RHI: Async texture creation enabled
[2017.12.09-05.37.01:509][  0]LogD3D11RHI: GPU Timing Frequency: 1000.000000 (Debug: 2 2)
[2017.12.09-05.37.01:510][  0]LogShaderCompilers: Guid format shader working directory is -9 characters bigger than the processId version (../../../../../../Users/Lee/Desktop/GameJam2017/SLAY/Intermediate/Shaders/WorkingDirectory/11296/).
[2017.12.09-05.37.01:510][  0]LogShaderCompilers: Cleaned the shader compiler working directory 'C:/Users/Lee/AppData/Local/Temp/UnrealShaderWorkingDir/EB8215BE4A96F7EA323686AD793F090D/'.
[2017.12.09-05.37.01:510][  0]LogShaderCompilers: Display: Using Local Shader Compiler.
[2017.12.09-05.37.02:458][  0]LogTemp: Display: Loaded TP AllDesktopTargetPlatform
[2017.12.09-05.37.02:509][  0]LogTemp: Display: Loaded TP MacClientTargetPlatform
[2017.12.09-05.37.02:559][  0]LogTemp: Display: Loaded TP MacNoEditorTargetPlatform
[2017.12.09-05.37.02:609][  0]LogTemp: Display: Loaded TP MacServerTargetPlatform
[2017.12.09-05.37.02:660][  0]LogTemp: Display: Loaded TP MacTargetPlatform
[2017.12.09-05.37.02:710][  0]LogTemp: Display: Loaded TP WindowsClientTargetPlatform
[2017.12.09-05.37.02:760][  0]LogTemp: Display: Loaded TP WindowsNoEditorTargetPlatform
[2017.12.09-05.37.02:811][  0]LogTemp: Display: Loaded TP WindowsServerTargetPlatform
[2017.12.09-05.37.02:854][  0]LogTemp: Display: Loaded TP WindowsTargetPlatform
[2017.12.09-05.37.02:903][  0]LogTemp: Display: Loaded TP Android_ASTCTargetPlatform
[2017.12.09-05.37.02:951][  0]LogTemp: Display: Loaded TP Android_ATCTargetPlatform
[2017.12.09-05.37.03:000][  0]LogTemp: Display: Loaded TP Android_DXTTargetPlatform
[2017.12.09-05.37.03:048][  0]LogTemp: Display: Loaded TP Android_ETC1TargetPlatform
[2017.12.09-05.37.03:097][  0]LogTemp: Display: Loaded TP Android_ETC2TargetPlatform
[2017.12.09-05.37.03:194][  0]LogTemp: Display: Loaded TP Android_MultiTargetPlatform
[2017.12.09-05.37.03:194][  0]LogTemp: Display: Loaded TP Android_PVRTCTargetPlatform
[2017.12.09-05.37.03:242][  0]LogTemp: Display: Loaded TP AndroidTargetPlatform
[2017.12.09-05.37.03:279][  0]LogTemp: Display: Loaded TP HTML5TargetPlatform
[2017.12.09-05.37.03:367][  0]LogTemp: Display: Loaded TP IOSTargetPlatform
[2017.12.09-05.37.03:394][  0]LogTemp: Display: Loaded TP TVOSTargetPlatform
[2017.12.09-05.37.03:443][  0]LogTemp: Display: Loaded TP LinuxClientTargetPlatform
[2017.12.09-05.37.03:491][  0]LogTemp: Display: Loaded TP LinuxNoEditorTargetPlatform
[2017.12.09-05.37.03:540][  0]LogTemp: Display: Loaded TP LinuxServerTargetPlatform
[2017.12.09-05.37.03:588][  0]LogTemp: Display: Loaded TP LinuxTargetPlatform
[2017.12.09-05.37.03:588][  0]LogTargetPlatformManager: Display: Building Assets For Windows
[2017.12.09-05.37.04:031][  0]LogDerivedDataCache: Display: Max Cache Size: 512 MB
[2017.12.09-05.37.04:112][  0]LogDerivedDataCache: Loaded boot cache 0.08s 78MB C:/Users/Lee/AppData/Local/UnrealEngine/4.18/DerivedDataCache/Boot.ddc.
[2017.12.09-05.37.04:113][  0]LogDerivedDataCache: Display: Loaded Boot cache: C:/Users/Lee/AppData/Local/UnrealEngine/4.18/DerivedDataCache/Boot.ddc
[2017.12.09-05.37.04:113][  0]LogDerivedDataCache: FDerivedDataBackendGraph:  Pak pak cache file ../../../../../../Users/Lee/Desktop/GameJam2017/SLAY/DerivedDataCache/DDC.ddp not found, will not use a pak cache.
[2017.12.09-05.37.04:113][  0]LogDerivedDataCache: Unable to find inner node Pak for hierarchical cache Hierarchy.
[2017.12.09-05.37.04:113][  0]LogDerivedDataCache: FDerivedDataBackendGraph:  CompressedPak pak cache file ../../../../../../Users/Lee/Desktop/GameJam2017/SLAY/DerivedDataCache/Compressed.ddp not found, will not use a pak cache.
[2017.12.09-05.37.04:113][  0]LogDerivedDataCache: Unable to find inner node CompressedPak for hierarchical cache Hierarchy.
[2017.12.09-05.37.04:132][  0]LogDerivedDataCache: Display: Pak cache opened for reading ../../../Engine/DerivedDataCache/Compressed.ddp.
[2017.12.09-05.37.04:144][  0]LogDerivedDataCache: Using Local data cache path C:/Users/Lee/AppData/Local/UnrealEngine/Common/DerivedDataCache: Writable
[2017.12.09-05.37.04:155][  0]LogMaterial: Verifying Global Shaders for PCD3D_SM5
[2017.12.09-05.37.04:155][  0]LogSlate: Using Freetype 2.6.0
[2017.12.09-05.37.04:156][  0]LogSlate: SlateFontCache - WITH_FREETYPE: 1, WITH_HARFBUZZ: 1
[2017.12.09-05.37.04:156][  0]LogSlate: SlateFontCache - WITH_FREETYPE: 1, WITH_HARFBUZZ: 1
[2017.12.09-05.37.04:522][  0]LogInit: Selected Device Profile: [Windows]
[2017.12.09-05.37.04:855][  0]LogSimplygon: Simplygon DLL not present - disabling.
[2017.12.09-05.37.04:900][  0]LogMeshReduction: Using SimplygonSwarm for distributed automatic mesh merging
[2017.12.09-05.37.04:900][  0]LogMeshReduction: Using QuadricMeshReduction for automatic static mesh reduction
[2017.12.09-05.37.04:900][  0]LogMeshReduction: No automatic skeletal mesh reduction module available
[2017.12.09-05.37.04:900][  0]LogMeshReduction: No automatic mesh merging module available
[2017.12.09-05.37.04:900][  0]LogMeshMerging: No automatic mesh merging module available
[2017.12.09-05.37.04:928][  0]LogNetVersion: SLAY , NetCL: 3709383, EngineNetVer: 2, GameNetVer: 0 (Checksum: 712042575)
[2017.12.09-05.37.05:089][  0]LogAssetRegistry: FAssetRegistry took 0.0261 seconds to start up
[2017.12.09-05.37.05:601][  0]LogPackageLocalizationCache: Processed 7 localized package path(s) for 2 prioritized culture(s) in 0.056389 seconds
[2017.12.09-05.37.05:606][  0]LogUObjectArray: 35900 objects as part of root set at end of initial load.
[2017.12.09-05.37.05:606][  0]LogUObjectAllocator: 7372016 out of 0 bytes used by permanent object pool.
[2017.12.09-05.37.05:606][  0]LogUObjectArray: CloseDisregardForGC: 0/0 objects in disregard for GC pool
[2017.12.09-05.37.05:659][  0]LogInit: WinSock: version 1.1 (2.2), MaxSocks=32767, MaxUdp=65467
[2017.12.09-05.37.08:413][  0]LogTcpMessaging: Initializing TcpMessaging bridge
[2017.12.09-05.37.08:455][  0]LogUdpMessaging: Initializing bridge on interface 0.0.0.0:0 to multicast group 230.0.0.1:6666.
[2017.12.09-05.37.09:099][  0]LogMaterial: Uniform references updated for custom material expression Custom.
[2017.12.09-05.37.09:509][  0]SourceControl: Source control is disabled
[2017.12.09-05.37.09:509][  0]SourceControl: Source control is disabled
[2017.12.09-05.37.09:560][  0]SourceControl: Source control is disabled
[2017.12.09-05.37.09:610][  0]SourceControl: Source control is disabled
[2017.12.09-05.37.10:384][  0]LogAndroidPermission: UAndroidPermissionCallbackProxy::GetInstance
[2017.12.09-05.37.10:644][  0]LogOcInput: OculusInput pre-init called
[2017.12.09-05.37.10:923][  0]LogEngine: Initializing Engine...
[2017.12.09-05.37.10:925][  0]LogHMD: Failed to initialize OpenVR with code 110
[2017.12.09-05.37.11:140][  0]LogStats: UGameplayTagsManager::ConstructGameplayTagTree: Construct from data asset -  0.000 s
[2017.12.09-05.37.11:140][  0]LogStats: UGameplayTagsManager::ConstructGameplayTagTree: GameplayTagTreeChangedEvent.Broadcast -  0.000 s
[2017.12.09-05.37.11:262][  0]LogAIModule: Creating AISystem for world Untitled
[2017.12.09-05.37.11:268][  0]LogInit: XAudio2 using 'Speakers / Headphones (Realtek High Definition Audio)' : 2 channels at 48 kHz using 32 bits per sample (channel mask 0x3)
[2017.12.09-05.37.11:292][  0]LogInit: FAudioDevice initialized.
[2017.12.09-05.37.11:494][  0]LogDerivedDataCache: Saved boot cache 0.20s 78MB C:/Users/Lee/AppData/Local/UnrealEngine/4.18/DerivedDataCache/Boot.ddc.
[2017.12.09-05.37.11:509][  0]LogInit: Texture streaming: Enabled
[2017.12.09-05.37.11:607][  0]LogEngineSessionManager: EngineSessionManager initialized
[2017.12.09-05.37.12:263][  0]LogInit: Transaction tracking system initialized
[2017.12.09-05.37.12:571][  0]BlueprintLog: New page: Editor Load
[2017.12.09-05.37.13:442][  0]LocalizationService: Localization service is disabled
[2017.12.09-05.37.14:169][  0]LogConsoleResponse: Display: 
[2017.12.09-05.37.14:346][  0]LogCook: Display: Max memory allowance for cook 16384mb min free memory 0mb
[2017.12.09-05.37.14:346][  0]LogCook: Display: Mobile HDR setting 1
[2017.12.09-05.37.14:346][  0]LogGameplayTags: Display: UGameplayTagsManager::DoneAddingNativeTags. DelegateIsBound: 0
[2017.12.09-05.37.14:410][  0]LogFileCache: Scanning file cache for directory 'C:/Users/Lee/Desktop/GameJam2017/SLAY/Content/' took 0.01s
[2017.12.09-05.37.15:620][  0]SourceControl: Source control is disabled
[2017.12.09-05.37.15:620][  0]Cmd: MAP LOAD FILE="../../../../../../Users/Lee/Desktop/GameJam2017/SLAY/Content/FirstPersonBP/Maps/FirstPersonExampleMap.umap" TEMPLATE=0 SHOWPROGRESS=1 FEATURELEVEL=3
[2017.12.09-05.37.15:621][  0]LightingResults: New page: Lighting Build
[2017.12.09-05.37.15:662][  0]MapCheck: New page: Map Check
[2017.12.09-05.37.15:662][  0]LightingResults: New page: Lighting Build
[2017.12.09-05.37.16:155][  0]LogAIModule: Creating AISystem for world FirstPersonExampleMap
[2017.12.09-05.37.16:167][  0]LogEditorServer: Finished looking for orphan Actors (0.000 secs)
[2017.12.09-05.37.16:181][  0]Cmd: MAP CHECKDEP NOCLEARLOG
[2017.12.09-05.37.16:242][  0]MapCheck: Map check complete: 0 Error(s), 0 Warning(s), took 61.388ms to complete.
[2017.12.09-05.37.16:243][  0]LogFileHelpers: Loading map 'FirstPersonExampleMap' took 0.623
[2017.12.09-05.37.16:371][  0]LogCollectionManager: Loaded 0 collections in 0.001980 seconds
[2017.12.09-05.37.16:447][  0]LogFileCache: Scanning file cache for directory 'C:/Users/Lee/Desktop/GameJam2017/SLAY/Saved/Collections/' took 0.01s
[2017.12.09-05.37.16:447][  0]LogFileCache: Scanning file cache for directory 'C:/Users/Lee/Desktop/GameJam2017/SLAY/Content/Developers/Lee/Collections/' took 0.01s
[2017.12.09-05.37.16:447][  0]LogFileCache: Scanning file cache for directory 'C:/Users/Lee/Desktop/GameJam2017/SLAY/Content/Collections/' took 0.01s
[2017.12.09-05.37.16:447][  0]LogCollectionManager: Rebuilt the GUID cache for 0 collections in 0.000000 seconds
[2017.12.09-05.37.16:456][  0]LogContentBrowser: Native class hierarchy populated in 0.0085 seconds. Added 2363 classes and 519 folders.
[2017.12.09-05.37.16:522][  0]LogContentBrowser: Native class hierarchy updated for 'WidgetCarousel' in 0.0002 seconds. Added 0 classes and 0 folders.
[2017.12.09-05.37.16:558][  0]LogContentBrowser: Native class hierarchy updated for 'AddContentDialog' in 0.0002 seconds. Added 0 classes and 0 folders.
[2017.12.09-05.37.16:600][  0]LogContentBrowser: Native class hierarchy updated for 'SceneOutliner' in 0.0002 seconds. Added 1 classes and 2 folders.
[2017.12.09-05.37.16:616][  0]LogSlate: Took 0.000223 seconds to synchronously load lazily loaded font '../../../Engine/Content/Slate/Fonts/Roboto-Regular.ttf' (155K)
[2017.12.09-05.37.16:617][  0]LogSlate: Took 0.000187 seconds to synchronously load lazily loaded font '../../../Engine/Content/Slate/Fonts/Roboto-Bold.ttf' (160K)
[2017.12.09-05.37.16:623][  0]LogSlate: Took 0.000211 seconds to synchronously load lazily loaded font '../../../Engine/Content/Editor/Slate/Fonts/FontAwesome.ttf' (139K)
[2017.12.09-05.37.16:728][  0]LogRenderer: Reallocating scene render targets to support 1208x576 Format 10 NumSamples 1 (Frame:1).
[2017.12.09-05.37.16:972][  0]LogContentBrowser: Native class hierarchy updated for 'HierarchicalLODOutliner' in 0.0003 seconds. Added 1 classes and 2 folders.
[2017.12.09-05.37.16:972][  0]LogLoad: (Engine Initialization) Total time: 19.84 seconds
[2017.12.09-05.37.16:972][  0]LogLoad: (Engine Initialization) Total Blueprint compile time: 0.00 seconds
[2017.12.09-05.37.16:972][  0]LogExternalProfiler: Found external profiler: VSPerf
[2017.12.09-05.37.16:972][  0]LogExternalProfiler: Using external profiler: VSPerf
[2017.12.09-05.37.17:008][  0]LogContentStreaming: Texture pool size now 1000 MB
[2017.12.09-05.37.17:051][  0]LogSlate: Took 0.000158 seconds to synchronously load lazily loaded font '../../../Engine/Content/Slate/Fonts/Roboto-Light.ttf' (159K)
[2017.12.09-05.37.17:073][  1]LogAssetRegistry: Asset discovery search completed in 12.0065 seconds
[2017.12.09-05.37.17:075][  1]LogCollectionManager: Rebuilt the object cache for 0 collections in 0.000000 seconds (found 0 objects)
[2017.12.09-05.37.17:075][  1]LogCollectionManager: Fixed up redirectors for 0 collections in 0.000062 seconds (updated 0 objects)
[2017.12.09-05.37.59:189][508]Cmd: MAP LOAD FILE="../../../../../../Users/Lee/Desktop/GameJam2017/SLAY/Content/debug.umap" TEMPLATE=0 SHOWPROGRESS=1 FEATURELEVEL=3
[2017.12.09-05.37.59:193][508]LogSlate: Took 0.000269 seconds to synchronously load lazily loaded font '../../../Engine/Content/Slate/Fonts/Roboto-Light.ttf' (159K)
[2017.12.09-05.37.59:227][508]LightingResults: New page: Lighting Build
[2017.12.09-05.37.59:229][508]LoadErrors: New page: Loading map: debug.umap
[2017.12.09-05.37.59:231][508]MapCheck: New page: Map Check
[2017.12.09-05.37.59:231][508]LightingResults: New page: Lighting Build
[2017.12.09-05.37.59:295][508]LogAIModule: Creating AISystem for world debug
[2017.12.09-05.37.59:301][508]LogEditorServer: Finished looking for orphan Actors (0.000 secs)
[2017.12.09-05.37.59:345][508]Cmd: MAP CHECKDEP NOCLEARLOG
[2017.12.09-05.37.59:411][508]MapCheck: Map check complete: 0 Error(s), 0 Warning(s), took 65.399ms to complete.
[2017.12.09-05.37.59:411][508]LogFileHelpers: Loading map 'debug' took 0.223
[2017.12.09-05.38.02:427][682]LogTemp: Repeating last play command: Selected Viewport
[2017.12.09-05.38.02:470][682]LogBlueprintUserMessages: Early PlayInEditor Detection: Level '/Game/debug.debug:PersistentLevel' has LevelScriptBlueprint '/Game/debug.debug:PersistentLevel.debug' with GeneratedClass '/Game/debug.debug_C' with ClassGeneratedBy '/Game/debug.debug:PersistentLevel.debug'
[2017.12.09-05.38.02:470][682]LogPlayLevel: PlayLevel: No blueprints needed recompiling
[2017.12.09-05.38.02:470][682]PIE: New page: PIE session: debug (Dec 8, 2017, 7:38:02 PM)
[2017.12.09-05.38.02:470][682]LogPlayLevel: Creating play world package: /Game/UEDPIE_0_debug
[2017.12.09-05.38.02:476][682]LogPlayLevel: PIE: StaticDuplicateObject took: (0.005931s)
[2017.12.09-05.38.02:476][682]LogAIModule: Creating AISystem for world debug
[2017.12.09-05.38.02:477][682]LogPlayLevel: PIE: World Init took: (0.000665s)
[2017.12.09-05.38.02:477][682]LogPlayLevel: PIE: Created PIE world by copying editor world from /Game/debug.debug to /Game/UEDPIE_0_debug.debug (0.006856s)
[2017.12.09-05.38.02:488][682]LogInit: XAudio2 using 'Speakers / Headphones (Realtek High Definition Audio)' : 2 channels at 48 kHz using 32 bits per sample (channel mask 0x3)
[2017.12.09-05.38.02:497][682]LogInit: FAudioDevice initialized.
[2017.12.09-05.38.02:537][682]LogLoad: Game class is 'FirstPersonGameMode_C'
[2017.12.09-05.38.02:539][682]LogWorld: Bringing World /Game/UEDPIE_0_debug.debug up for play (max tick rate 60) at 2017.12.09-00.38.02
[2017.12.09-05.38.02:540][682]LogWorld: Bringing up level for play took: 0.001327
[2017.12.09-05.38.02:584][682]LogContentBrowser: Native class hierarchy updated for 'MovieSceneCapture' in 0.0003 seconds. Added 11 classes and 0 folders.
[2017.12.09-05.38.02:586][682]PIE: Play in editor start time for /Game/UEDPIE_0_debug 1.365
[2017.12.09-05.38.02:586][682]LogBlueprintUserMessages: Late PlayInEditor Detection: Level '/Game/debug.debug:PersistentLevel' has LevelScriptBlueprint '/Game/debug.debug:PersistentLevel.debug' with GeneratedClass '/Game/debug.debug_C' with ClassGeneratedBy '/Game/debug.debug:PersistentLevel.debug'
[2017.12.09-05.38.04:090][770]LogBlueprintUserMessages: [NewPlayerCharacter_C_0] EnemyBP_54
[2017.12.09-05.38.04:090][770]LogBlueprintUserMessages: [EnemyBP_54] 100.0
[2017.12.09-05.38.04:090][770]LogBlueprintUserMessages: [EnemyBP_54] Enemy Died
[2017.12.09-05.38.06:741][929]LogBlueprintUserMessages: Early EndPlayMap Detection: Level '/Game/debug.debug:PersistentLevel' has LevelScriptBlueprint '/Game/debug.debug:PersistentLevel.debug' with GeneratedClass '/Game/debug.debug_C' with ClassGeneratedBy '/Game/debug.debug:PersistentLevel.debug'
[2017.12.09-05.38.06:776][929]LogBlueprintUserMessages: Late EndPlayMap Detection: Level '/Game/debug.debug:PersistentLevel' has LevelScriptBlueprint '/Game/debug.debug:PersistentLevel.debug' with GeneratedClass '/Game/debug.debug_C' with ClassGeneratedBy '/Game/debug.debug:PersistentLevel.debug'
[2017.12.09-05.52.16:464][662]LogContentBrowser: Native class hierarchy updated for 'BlueprintGraph' in 0.0006 seconds. Added 116 classes and 0 folders.
[2017.12.09-05.52.17:097][662]LogSlate: Took 0.000179 seconds to synchronously load lazily loaded font '../../../Engine/Content/Slate/Fonts/Roboto-Regular.ttf' (155K)
[2017.12.09-05.52.17:173][662]LogSlate: Took 0.000197 seconds to synchronously load lazily loaded font '../../../Engine/Content/Editor/Slate/Fonts/Roboto-BoldCondensed.ttf' (158K)
[2017.12.09-05.52.47:113][376]LogSlate: Took 0.000218 seconds to synchronously load lazily loaded font '../../../Engine/Content/Editor/Slate/Fonts/Roboto-Italic.ttf' (157K)
[2017.12.09-05.53.18:487][368]LogSlate: Took 0.000190 seconds to synchronously load lazily loaded font '../../../Engine/Content/Slate/Fonts/Roboto-Light.ttf' (159K)
[2017.12.09-05.53.30:217][754]LogFileHelpers: Editor autosave (incl. sublevels) for '/Game/debug' took 0.020
[2017.12.09-05.53.30:219][754]OBJ SavePackage: Generating thumbnails for [1] asset(s) in package [/Game/Enemy/EnemyBP] ([1] browsable assets)...
[2017.12.09-05.53.30:235][754]OBJ SavePackage:     Rendered thumbnail for [Blueprint /Game/Enemy/EnemyBP.EnemyBP]
[2017.12.09-05.53.30:235][754]OBJ SavePackage: Finished generating thumbnails for package [/Game/Enemy/EnemyBP]
[2017.12.09-05.53.30:235][754]Cmd: OBJ SAVEPACKAGE PACKAGE="/Game/Enemy/EnemyBP" FILE="../../../../../../Users/Lee/Desktop/GameJam2017/SLAY/Saved/Autosaves/Game/Enemy/EnemyBP_Auto1.uasset" SILENT=false AUTOSAVING=true
[2017.12.09-05.53.30:290][754]LogSavePackage: Save=44.53ms
[2017.12.09-05.53.30:290][754]LogSavePackage: Moving '../../../../../../Users/Lee/Desktop/GameJam2017/SLAY/Saved/EnemyBP_Auto1038EADEB412A89A3A6B89C861557B2D8.tmp' to '../../../../../../Users/Lee/Desktop/GameJam2017/SLAY/Saved/Autosaves/Game/Enemy/EnemyBP_Auto1.uasset'
[2017.12.09-05.53.30:291][754]LogSavePackage: Display: Finished SavePackage ../../../../../../Users/Lee/Desktop/GameJam2017/SLAY/Saved/Autosaves/Game/Enemy/EnemyBP_Auto1.uasset
[2017.12.09-05.53.30:291][754]LogFileHelpers: Auto-saving content packages took 0.073
[2017.12.09-05.54.10:628][130]LogTemp: Repeating last play command: Selected Viewport
[2017.12.09-05.54.10:652][130]LogBlueprintUserMessages: Early PlayInEditor Detection: Level '/Game/debug.debug:PersistentLevel' has LevelScriptBlueprint '/Game/debug.debug:PersistentLevel.debug' with GeneratedClass '/Game/debug.debug_C' with ClassGeneratedBy '/Game/debug.debug:PersistentLevel.debug'
[2017.12.09-05.54.10:652][130]BlueprintLog: New page: Pre-Play auto-recompile
[2017.12.09-05.54.10:660][130]LogPlayLevel: [PlayLevel] Compiling EnemyBP before play...
[2017.12.09-05.54.11:043][130]LogPlayLevel: PlayLevel: Blueprint regeneration took 390 ms (1 blueprints)
[2017.12.09-05.54.11:043][130]PIE: New page: PIE session: debug (Dec 8, 2017, 7:54:11 PM)
[2017.12.09-05.54.11:043][130]LogPlayLevel: Creating play world package: /Game/UEDPIE_0_debug
[2017.12.09-05.54.11:049][130]LogPlayLevel: PIE: StaticDuplicateObject took: (0.006423s)
[2017.12.09-05.54.11:050][130]LogAIModule: Creating AISystem for world debug
[2017.12.09-05.54.11:050][130]LogPlayLevel: PIE: World Init took: (0.000862s)
[2017.12.09-05.54.11:050][130]LogPlayLevel: PIE: Created PIE world by copying editor world from /Game/debug.debug to /Game/UEDPIE_0_debug.debug (0.007584s)
[2017.12.09-05.54.11:070][130]LogInit: XAudio2 using 'Speakers / Headphones (Realtek High Definition Audio)' : 2 channels at 48 kHz using 32 bits per sample (channel mask 0x3)
[2017.12.09-05.54.11:080][130]LogInit: FAudioDevice initialized.
[2017.12.09-05.54.11:108][130]LogLoad: Game class is 'FirstPersonGameMode_C'
[2017.12.09-05.54.11:110][130]LogWorld: Bringing World /Game/UEDPIE_0_debug.debug up for play (max tick rate 60) at 2017.12.09-00.54.11
[2017.12.09-05.54.11:110][130]LogWorld: Bringing up level for play took: 0.000966
[2017.12.09-05.54.11:112][130]PIE: Play in editor start time for /Game/UEDPIE_0_debug 1.891
[2017.12.09-05.54.11:112][130]LogBlueprintUserMessages: Late PlayInEditor Detection: Level '/Game/debug.debug:PersistentLevel' has LevelScriptBlueprint '/Game/debug.debug:PersistentLevel.debug' with GeneratedClass '/Game/debug.debug_C' with ClassGeneratedBy '/Game/debug.debug:PersistentLevel.debug'
[2017.12.09-05.54.12:487][211]LogBlueprintUserMessages: [NewPlayerCharacter_C_0] EnemyBP_54
[2017.12.09-05.54.12:487][211]LogBlueprintUserMessages: [EnemyBP_54] 100.0
[2017.12.09-05.54.12:487][211]LogBlueprintUserMessages: [EnemyBP_54] Enemy Died
[2017.12.09-05.54.14:404][326]LogBlueprintUserMessages: Early EndPlayMap Detection: Level '/Game/debug.debug:PersistentLevel' has LevelScriptBlueprint '/Game/debug.debug:PersistentLevel.debug' with GeneratedClass '/Game/debug.debug_C' with ClassGeneratedBy '/Game/debug.debug:PersistentLevel.debug'
[2017.12.09-05.54.14:438][326]LogBlueprintUserMessages: Late EndPlayMap Detection: Level '/Game/debug.debug:PersistentLevel' has LevelScriptBlueprint '/Game/debug.debug:PersistentLevel.debug' with GeneratedClass '/Game/debug.debug_C' with ClassGeneratedBy '/Game/debug.debug:PersistentLevel.debug'
[2017.12.09-05.55.33:501][998]BlueprintLog: New page: Compile EnemyBP
[2017.12.09-05.55.34:453][ 22]Cmd: OBJ SAVEPACKAGE PACKAGE="/Game/Enemy/EnemyBP" FILE="../../../../../../Users/Lee/Desktop/GameJam2017/SLAY/Content/Enemy/EnemyBP.uasset" SILENT=true
[2017.12.09-05.55.34:501][ 22]LogSavePackage: Save=43.50ms
[2017.12.09-05.55.34:501][ 22]LogSavePackage: Moving '../../../../../../Users/Lee/Desktop/GameJam2017/SLAY/Saved/EnemyBPD3BD9CDE496A6E8D737733B5EAA4239F.tmp' to '../../../../../../Users/Lee/Desktop/GameJam2017/SLAY/Content/Enemy/EnemyBP.uasset'
[2017.12.09-05.55.34:507][ 22]LogSavePackage: Display: Finished SavePackage ../../../../../../Users/Lee/Desktop/GameJam2017/SLAY/Content/Enemy/EnemyBP.uasset
[2017.12.09-05.56.39:234][239]LogSlate: Warning: Prevented a slow task dialog from being summoned while a context menu was open
[2017.12.09-05.56.50:491][877]LogRenderer: Reallocating scene render targets to support 1208x612 Format 10 NumSamples 1 (Frame:1).
[2017.12.09-05.57.06:156][702]BlueprintLog: New page: Compile EnemyProjectile
[2017.12.09-05.57.07:276][742]Cmd: OBJ SAVEPACKAGE PACKAGE="/Game/Enemy/EnemyProjectile" FILE="../../../../../../Users/Lee/Desktop/GameJam2017/SLAY/Content/Enemy/EnemyProjectile.uasset" SILENT=true
[2017.12.09-05.57.07:300][742]LogSavePackage: Save=21.07ms
[2017.12.09-05.57.07:300][742]LogSavePackage: Moving '../../../../../../Users/Lee/Desktop/GameJam2017/SLAY/Saved/EnemyProjectileF817DC43410977109F783E893B6C4DFB.tmp' to '../../../../../../Users/Lee/Desktop/GameJam2017/SLAY/Content/Enemy/EnemyProjectile.uasset'
[2017.12.09-05.57.07:302][742]LogSavePackage: Display: Finished SavePackage ../../../../../../Users/Lee/Desktop/GameJam2017/SLAY/Content/Enemy/EnemyProjectile.uasset
[2017.12.09-05.57.16:427][199]BlueprintLog: New page: Compile EnemyBP
[2017.12.09-06.00.36:021][712]BlueprintLog: New page: Compile EnemyBP
[2017.12.09-06.00.36:883][736]Cmd: OBJ SAVEPACKAGE PACKAGE="/Game/Enemy/EnemyBP" FILE="../../../../../../Users/Lee/Desktop/GameJam2017/SLAY/Content/Enemy/EnemyBP.uasset" SILENT=true
[2017.12.09-06.00.36:940][736]LogSavePackage: Save=44.98ms
[2017.12.09-06.00.36:940][736]LogSavePackage: Moving '../../../../../../Users/Lee/Desktop/GameJam2017/SLAY/Saved/EnemyBP8E614BD74AAE83F1D75719852D75904D.tmp' to '../../../../../../Users/Lee/Desktop/GameJam2017/SLAY/Content/Enemy/EnemyBP.uasset'
[2017.12.09-06.00.36:942][736]LogSavePackage: Display: Finished SavePackage ../../../../../../Users/Lee/Desktop/GameJam2017/SLAY/Content/Enemy/EnemyBP.uasset
[2017.12.09-06.04.45:732][862]Cmd: OBJ SAVEPACKAGE PACKAGE="/Game/debug" FILE="../../../../../../Users/Lee/Desktop/GameJam2017/SLAY/Saved/Autosaves/Game/debug_Auto2.umap" SILENT=true AUTOSAVING=true KEEPDIRTY=false
[2017.12.09-06.04.45:874][862]LogSavePackage: Save=131.46ms
[2017.12.09-06.04.45:874][862]LogSavePackage: Moving '../../../../../../Users/Lee/Desktop/GameJam2017/SLAY/Saved/debug_Auto22EAA5BF5448C87356BDAC38AF461F18B.tmp' to '../../../../../../Users/Lee/Desktop/GameJam2017/SLAY/Saved/Autosaves/Game/debug_Auto2.umap'
[2017.12.09-06.04.45:875][862]LogSavePackage: Display: Finished SavePackage ../../../../../../Users/Lee/Desktop/GameJam2017/SLAY/Saved/Autosaves/Game/debug_Auto2.umap
[2017.12.09-06.04.45:880][862]LogFileHelpers: Editor autosave (incl. sublevels) for '/Game/debug' took 0.170
[2017.12.09-06.04.45:880][862]LogFileHelpers: Editor autosave (incl. sublevels) for all levels took 0.170
[2017.12.09-06.04.45:882][862]OBJ SavePackage: Generating thumbnails for [1] asset(s) in package [/Game/Enemy/EnemyBP] ([1] browsable assets)...
[2017.12.09-06.04.45:898][862]OBJ SavePackage:     Rendered thumbnail for [Blueprint /Game/Enemy/EnemyBP.EnemyBP]
[2017.12.09-06.04.45:899][862]OBJ SavePackage: Finished generating thumbnails for package [/Game/Enemy/EnemyBP]
[2017.12.09-06.04.45:899][862]Cmd: OBJ SAVEPACKAGE PACKAGE="/Game/Enemy/EnemyBP" FILE="../../../../../../Users/Lee/Desktop/GameJam2017/SLAY/Saved/Autosaves/Game/Enemy/EnemyBP_Auto2.uasset" SILENT=false AUTOSAVING=true
[2017.12.09-06.04.45:949][862]LogSavePackage: Save=46.35ms
[2017.12.09-06.04.45:949][862]LogSavePackage: Moving '../../../../../../Users/Lee/Desktop/GameJam2017/SLAY/Saved/EnemyBP_Auto2B23A559C4207A1BE7ACEA6A289F9BDAB.tmp' to '../../../../../../Users/Lee/Desktop/GameJam2017/SLAY/Saved/Autosaves/Game/Enemy/EnemyBP_Auto2.uasset'
[2017.12.09-06.04.45:950][862]LogSavePackage: Display: Finished SavePackage ../../../../../../Users/Lee/Desktop/GameJam2017/SLAY/Saved/Autosaves/Game/Enemy/EnemyBP_Auto2.uasset
[2017.12.09-06.04.45:950][862]LogFileHelpers: Auto-saving content packages took 0.069
[2017.12.09-06.09.30:356][886]BlueprintLog: New page: Compile EnemyBP
[2017.12.09-06.09.30:374][886]LogBlueprint: Error: [Compiler EnemyBP] Event BeginPlay  Signature Error: The selected function/event is not bindable - is the function/event pure or latent?
[2017.12.09-06.09.30:761][886]LogBlueprint: Warning: [Compiler EnemyBP] [1953.63] Compile of EnemyBP failed. 1 Fatal Issue(s) 0 Warning(s) [in 404 ms] (/Game/Enemy/EnemyBP.EnemyBP)
[2017.12.09-06.09.42:459][564]BlueprintLog: New page: Compile EnemyBP
[2017.12.09-06.09.42:474][564]LogBlueprint: Error: [Compiler EnemyBP] The current value of the ' Event ' pin is invalid: Unsupported type Delegate on pin Delegate
[2017.12.09-06.09.42:848][564]LogBlueprint: Warning: [Compiler EnemyBP] [1965.72] Compile of EnemyBP failed. 1 Fatal Issue(s) 0 Warning(s) [in 389 ms] (/Game/Enemy/EnemyBP.EnemyBP)
[2017.12.09-06.10.11:040][206]BlueprintLog: New page: Compile EnemyBP
[2017.12.09-06.10.11:059][206]LogBlueprint: Error: [Compiler EnemyBP] Event BeginPlay  Signature Error: The selected function/event is not bindable - is the function/event pure or latent?
[2017.12.09-06.10.11:434][206]LogBlueprint: Warning: [Compiler EnemyBP] [1994.31] Compile of EnemyBP failed. 1 Fatal Issue(s) 0 Warning(s) [in 393 ms] (/Game/Enemy/EnemyBP.EnemyBP)
[2017.12.09-06.10.33:662][522]BlueprintLog: New page: Compile EnemyBP
[2017.12.09-06.10.33:678][522]LogBlueprint: Error: [Compiler EnemyBP] The current value of the ' Event ' pin is invalid: Unsupported type Delegate on pin Delegate
[2017.12.09-06.10.34:049][522]LogBlueprint: Warning: [Compiler EnemyBP] [2016.92] Compile of EnemyBP failed. 1 Fatal Issue(s) 0 Warning(s) [in 386 ms] (/Game/Enemy/EnemyBP.EnemyBP)
[2017.12.09-06.10.54:364][727]BlueprintLog: New page: Compile EnemyBP
[2017.12.09-06.10.55:243][752]Cmd: OBJ SAVEPACKAGE PACKAGE="/Game/Enemy/EnemyBP" FILE="../../../../../../Users/Lee/Desktop/GameJam2017/SLAY/Content/Enemy/EnemyBP.uasset" SILENT=true
[2017.12.09-06.10.55:302][752]LogSavePackage: Save=47.81ms
[2017.12.09-06.10.55:302][752]LogSavePackage: Moving '../../../../../../Users/Lee/Desktop/GameJam2017/SLAY/Saved/EnemyBP385733DF4CFD7A970360BDBBBF76B6BD.tmp' to '../../../../../../Users/Lee/Desktop/GameJam2017/SLAY/Content/Enemy/EnemyBP.uasset'
[2017.12.09-06.10.55:307][752]LogSavePackage: Display: Finished SavePackage ../../../../../../Users/Lee/Desktop/GameJam2017/SLAY/Content/Enemy/EnemyBP.uasset
[2017.12.09-06.10.57:601][864]LogTemp: Repeating last play command: Selected Viewport
[2017.12.09-06.10.57:636][864]LogBlueprintUserMessages: Early PlayInEditor Detection: Level '/Game/debug.debug:PersistentLevel' has LevelScriptBlueprint '/Game/debug.debug:PersistentLevel.debug' with GeneratedClass '/Game/debug.debug_C' with ClassGeneratedBy '/Game/debug.debug:PersistentLevel.debug'
[2017.12.09-06.10.57:636][864]LogPlayLevel: PlayLevel: No blueprints needed recompiling
[2017.12.09-06.10.57:636][864]PIE: New page: PIE session: debug (Dec 8, 2017, 8:10:57 PM)
[2017.12.09-06.10.57:636][864]LogPlayLevel: Creating play world package: /Game/UEDPIE_0_debug
[2017.12.09-06.10.57:642][864]LogPlayLevel: PIE: StaticDuplicateObject took: (0.005952s)
[2017.12.09-06.10.57:643][864]LogAIModule: Creating AISystem for world debug
[2017.12.09-06.10.57:643][864]LogPlayLevel: PIE: World Init took: (0.000862s)
[2017.12.09-06.10.57:643][864]LogPlayLevel: PIE: Created PIE world by copying editor world from /Game/debug.debug to /Game/UEDPIE_0_debug.debug (0.007114s)
[2017.12.09-06.10.57:663][864]LogInit: XAudio2 using 'Speakers / Headphones (Realtek High Definition Audio)' : 2 channels at 48 kHz using 32 bits per sample (channel mask 0x3)
[2017.12.09-06.10.57:674][864]LogInit: FAudioDevice initialized.
[2017.12.09-06.10.57:705][864]LogLoad: Game class is 'FirstPersonGameMode_C'
[2017.12.09-06.10.57:707][864]LogWorld: Bringing World /Game/UEDPIE_0_debug.debug up for play (max tick rate 60) at 2017.12.09-01.10.57
[2017.12.09-06.10.57:707][864]LogWorld: Bringing up level for play took: 0.001026
[2017.12.09-06.10.57:709][864]PIE: Play in editor start time for /Game/UEDPIE_0_debug 0.488
[2017.12.09-06.10.57:709][864]LogBlueprintUserMessages: Late PlayInEditor Detection: Level '/Game/debug.debug:PersistentLevel' has LevelScriptBlueprint '/Game/debug.debug:PersistentLevel.debug' with GeneratedClass '/Game/debug.debug_C' with ClassGeneratedBy '/Game/debug.debug:PersistentLevel.debug'
[2017.12.09-06.11.02:421][138]LogBlueprintUserMessages: [NewPlayerCharacter_C_0] EnemyProjectile_C_0
[2017.12.09-06.11.05:006][293]LogBlueprintUserMessages: [NewPlayerCharacter_C_0] None
[2017.12.09-06.11.06:452][379]LogBlueprintUserMessages: [NewPlayerCharacter_C_0] EnemyBP_54
[2017.12.09-06.11.06:452][379]LogBlueprintUserMessages: [EnemyBP_54] 100.0
[2017.12.09-06.11.06:452][379]LogBlueprintUserMessages: [EnemyBP_54] Enemy Died
[2017.12.09-06.11.08:756][517]LogBlueprintUserMessages: Early EndPlayMap Detection: Level '/Game/debug.debug:PersistentLevel' has LevelScriptBlueprint '/Game/debug.debug:PersistentLevel.debug' with GeneratedClass '/Game/debug.debug_C' with ClassGeneratedBy '/Game/debug.debug:PersistentLevel.debug'
[2017.12.09-06.11.08:798][517]LogBlueprintUserMessages: Late EndPlayMap Detection: Level '/Game/debug.debug:PersistentLevel' has LevelScriptBlueprint '/Game/debug.debug:PersistentLevel.debug' with GeneratedClass '/Game/debug.debug_C' with ClassGeneratedBy '/Game/debug.debug:PersistentLevel.debug'
[2017.12.09-06.11.26:954][288]LogRenderer: Reallocating scene render targets to support 1208x736 Format 10 NumSamples 1 (Frame:1).
[2017.12.09-06.11.37:785][864]LogPhysics: Warning: Initialising Body : Scale3D is (nearly) zero: Component: '/Engine/Transient.World_9:PersistentLevel.EnemyProjectile_C_10.Sphere' 
[2017.12.09-06.11.37:785][864]LogPhysics: Warning: Initialising Body : Scale3D is (nearly) zero: Component: '/Engine/Transient.World_9:PersistentLevel.EnemyProjectile_C_10.Sphere' 
[2017.12.09-06.11.37:804][865]LogPhysics: Warning: Initialising Body : Scale3D is (nearly) zero: Component: '/Engine/Transient.World_9:PersistentLevel.EnemyProjectile_C_10.Sphere' 
[2017.12.09-06.11.37:804][865]LogPhysics: Warning: Initialising Body : Scale3D is (nearly) zero: Component: '/Engine/Transient.World_9:PersistentLevel.EnemyProjectile_C_10.Sphere' 
[2017.12.09-06.11.37:822][866]LogPhysics: Warning: Initialising Body : Scale3D is (nearly) zero: Component: '/Engine/Transient.World_9:PersistentLevel.EnemyProjectile_C_10.Sphere' 
[2017.12.09-06.11.37:823][866]LogPhysics: Warning: Initialising Body : Scale3D is (nearly) zero: Component: '/Engine/Transient.World_9:PersistentLevel.EnemyProjectile_C_10.Sphere' 
[2017.12.09-06.11.37:841][867]LogPhysics: Warning: Initialising Body : Scale3D is (nearly) zero: Component: '/Engine/Transient.World_9:PersistentLevel.EnemyProjectile_C_10.Sphere' 
[2017.12.09-06.11.37:841][867]LogPhysics: Warning: Initialising Body : Scale3D is (nearly) zero: Component: '/Engine/Transient.World_9:PersistentLevel.EnemyProjectile_C_10.Sphere' 
[2017.12.09-06.11.37:858][868]LogPhysics: Warning: Initialising Body : Scale3D is (nearly) zero: Component: '/Engine/Transient.World_9:PersistentLevel.EnemyProjectile_C_10.Sphere' 
[2017.12.09-06.11.37:858][868]LogPhysics: Warning: Initialising Body : Scale3D is (nearly) zero: Component: '/Engine/Transient.World_9:PersistentLevel.EnemyProjectile_C_10.Sphere' 
[2017.12.09-06.11.37:878][869]LogPhysics: Warning: Initialising Body : Scale3D is (nearly) zero: Component: '/Engine/Transient.World_9:PersistentLevel.EnemyProjectile_C_10.Sphere' 
[2017.12.09-06.11.37:878][869]LogPhysics: Warning: Initialising Body : Scale3D is (nearly) zero: Component: '/Engine/Transient.World_9:PersistentLevel.EnemyProjectile_C_10.Sphere' 
[2017.12.09-06.11.37:896][870]LogPhysics: Warning: Initialising Body : Scale3D is (nearly) zero: Component: '/Engine/Transient.World_9:PersistentLevel.EnemyProjectile_C_10.Sphere' 
[2017.12.09-06.11.37:897][870]LogPhysics: Warning: Initialising Body : Scale3D is (nearly) zero: Component: '/Engine/Transient.World_9:PersistentLevel.EnemyProjectile_C_10.Sphere' 
[2017.12.09-06.11.37:914][871]LogPhysics: Warning: Initialising Body : Scale3D is (nearly) zero: Component: '/Engine/Transient.World_9:PersistentLevel.EnemyProjectile_C_10.Sphere' 
[2017.12.09-06.11.37:915][871]LogPhysics: Warning: Initialising Body : Scale3D is (nearly) zero: Component: '/Engine/Transient.World_9:PersistentLevel.EnemyProjectile_C_10.Sphere' 
[2017.12.09-06.11.37:933][872]LogPhysics: Warning: Initialising Body : Scale3D is (nearly) zero: Component: '/Engine/Transient.World_9:PersistentLevel.EnemyProjectile_C_10.Sphere' 
[2017.12.09-06.11.37:933][872]LogPhysics: Warning: Initialising Body : Scale3D is (nearly) zero: Component: '/Engine/Transient.World_9:PersistentLevel.EnemyProjectile_C_10.Sphere' 
[2017.12.09-06.11.37:951][873]LogPhysics: Warning: Initialising Body : Scale3D is (nearly) zero: Component: '/Engine/Transient.World_9:PersistentLevel.EnemyProjectile_C_10.Sphere' 
[2017.12.09-06.11.37:951][873]LogPhysics: Warning: Initialising Body : Scale3D is (nearly) zero: Component: '/Engine/Transient.World_9:PersistentLevel.EnemyProjectile_C_10.Sphere' 
[2017.12.09-06.11.37:970][874]LogPhysics: Warning: Initialising Body : Scale3D is (nearly) zero: Component: '/Engine/Transient.World_9:PersistentLevel.EnemyProjectile_C_10.Sphere' 
[2017.12.09-06.11.37:970][874]LogPhysics: Warning: Initialising Body : Scale3D is (nearly) zero: Component: '/Engine/Transient.World_9:PersistentLevel.EnemyProjectile_C_10.Sphere' 
[2017.12.09-06.11.37:989][875]LogPhysics: Warning: Initialising Body : Scale3D is (nearly) zero: Component: '/Engine/Transient.World_9:PersistentLevel.EnemyProjectile_C_10.Sphere' 
[2017.12.09-06.11.37:989][875]LogPhysics: Warning: Initialising Body : Scale3D is (nearly) zero: Component: '/Engine/Transient.World_9:PersistentLevel.EnemyProjectile_C_10.Sphere' 
[2017.12.09-06.11.38:008][876]LogPhysics: Warning: Initialising Body : Scale3D is (nearly) zero: Component: '/Engine/Transient.World_9:PersistentLevel.EnemyProjectile_C_10.Sphere' 
[2017.12.09-06.11.38:008][876]LogPhysics: Warning: Initialising Body : Scale3D is (nearly) zero: Component: '/Engine/Transient.World_9:PersistentLevel.EnemyProjectile_C_10.Sphere' 
[2017.12.09-06.11.38:025][877]LogPhysics: Warning: Initialising Body : Scale3D is (nearly) zero: Component: '/Engine/Transient.World_9:PersistentLevel.EnemyProjectile_C_10.Sphere' 
[2017.12.09-06.11.38:025][877]LogPhysics: Warning: Initialising Body : Scale3D is (nearly) zero: Component: '/Engine/Transient.World_9:PersistentLevel.EnemyProjectile_C_10.Sphere' 
[2017.12.09-06.11.38:045][878]LogPhysics: Warning: Initialising Body : Scale3D is (nearly) zero: Component: '/Engine/Transient.World_9:PersistentLevel.EnemyProjectile_C_10.Sphere' 
[2017.12.09-06.11.38:046][878]LogPhysics: Warning: Initialising Body : Scale3D is (nearly) zero: Component: '/Engine/Transient.World_9:PersistentLevel.EnemyProjectile_C_10.Sphere' 
[2017.12.09-06.11.38:064][879]LogPhysics: Warning: Initialising Body : Scale3D is (nearly) zero: Component: '/Engine/Transient.World_9:PersistentLevel.EnemyProjectile_C_10.Sphere' 
[2017.12.09-06.11.38:065][879]LogPhysics: Warning: Initialising Body : Scale3D is (nearly) zero: Component: '/Engine/Transient.World_9:PersistentLevel.EnemyProjectile_C_10.Sphere' 
[2017.12.09-06.11.38:081][880]LogPhysics: Warning: Initialising Body : Scale3D is (nearly) zero: Component: '/Engine/Transient.World_9:PersistentLevel.EnemyProjectile_C_10.Sphere' 
[2017.12.09-06.11.38:082][880]LogPhysics: Warning: Initialising Body : Scale3D is (nearly) zero: Component: '/Engine/Transient.World_9:PersistentLevel.EnemyProjectile_C_10.Sphere' 
[2017.12.09-06.11.38:100][881]LogPhysics: Warning: Initialising Body : Scale3D is (nearly) zero: Component: '/Engine/Transient.World_9:PersistentLevel.EnemyProjectile_C_10.Sphere' 
[2017.12.09-06.11.38:100][881]LogPhysics: Warning: Initialising Body : Scale3D is (nearly) zero: Component: '/Engine/Transient.World_9:PersistentLevel.EnemyProjectile_C_10.Sphere' 
[2017.12.09-06.11.38:118][882]LogPhysics: Warning: Initialising Body : Scale3D is (nearly) zero: Component: '/Engine/Transient.World_9:PersistentLevel.EnemyProjectile_C_10.Sphere' 
[2017.12.09-06.11.38:118][882]LogPhysics: Warning: Initialising Body : Scale3D is (nearly) zero: Component: '/Engine/Transient.World_9:PersistentLevel.EnemyProjectile_C_10.Sphere' 
[2017.12.09-06.11.38:137][883]LogPhysics: Warning: Initialising Body : Scale3D is (nearly) zero: Component: '/Engine/Transient.World_9:PersistentLevel.EnemyProjectile_C_10.Sphere' 
[2017.12.09-06.11.38:137][883]LogPhysics: Warning: Initialising Body : Scale3D is (nearly) zero: Component: '/Engine/Transient.World_9:PersistentLevel.EnemyProjectile_C_10.Sphere' 
[2017.12.09-06.11.38:155][884]LogPhysics: Warning: Initialising Body : Scale3D is (nearly) zero: Component: '/Engine/Transient.World_9:PersistentLevel.EnemyProjectile_C_10.Sphere' 
[2017.12.09-06.11.38:156][884]LogPhysics: Warning: Initialising Body : Scale3D is (nearly) zero: Component: '/Engine/Transient.World_9:PersistentLevel.EnemyProjectile_C_10.Sphere' 
[2017.12.09-06.11.38:175][885]LogPhysics: Warning: Initialising Body : Scale3D is (nearly) zero: Component: '/Engine/Transient.World_9:PersistentLevel.EnemyProjectile_C_10.Sphere' 
[2017.12.09-06.11.38:175][885]LogPhysics: Warning: Initialising Body : Scale3D is (nearly) zero: Component: '/Engine/Transient.World_9:PersistentLevel.EnemyProjectile_C_10.Sphere' 
[2017.12.09-06.11.38:192][886]LogPhysics: Warning: Initialising Body : Scale3D is (nearly) zero: Component: '/Engine/Transient.World_9:PersistentLevel.EnemyProjectile_C_10.Sphere' 
[2017.12.09-06.11.38:192][886]LogPhysics: Warning: Initialising Body : Scale3D is (nearly) zero: Component: '/Engine/Transient.World_9:PersistentLevel.EnemyProjectile_C_10.Sphere' 
[2017.12.09-06.11.38:212][887]LogPhysics: Warning: Initialising Body : Scale3D is (nearly) zero: Component: '/Engine/Transient.World_9:PersistentLevel.EnemyProjectile_C_10.Sphere' 
[2017.12.09-06.11.38:213][887]LogPhysics: Warning: Initialising Body : Scale3D is (nearly) zero: Component: '/Engine/Transient.World_9:PersistentLevel.EnemyProjectile_C_10.Sphere' 
[2017.12.09-06.11.44:329][211]BlueprintLog: New page: Compile EnemyProjectile
[2017.12.09-06.11.45:309][241]Cmd: OBJ SAVEPACKAGE PACKAGE="/Game/Enemy/EnemyProjectile" FILE="../../../../../../Users/Lee/Desktop/GameJam2017/SLAY/Content/Enemy/EnemyProjectile.uasset" SILENT=true
[2017.12.09-06.11.45:340][241]LogSavePackage: Save=20.01ms
[2017.12.09-06.11.45:340][241]LogSavePackage: Moving '../../../../../../Users/Lee/Desktop/GameJam2017/SLAY/Saved/EnemyProjectile3870ABF54326D77DD4C7FDB279DC99A7.tmp' to '../../../../../../Users/Lee/Desktop/GameJam2017/SLAY/Content/Enemy/EnemyProjectile.uasset'
[2017.12.09-06.11.45:343][241]LogSavePackage: Display: Finished SavePackage ../../../../../../Users/Lee/Desktop/GameJam2017/SLAY/Content/Enemy/EnemyProjectile.uasset
[2017.12.09-06.11.58:850][915]LogTemp: Repeating last play command: Selected Viewport
[2017.12.09-06.11.58:878][915]LogBlueprintUserMessages: Early PlayInEditor Detection: Level '/Game/debug.debug:PersistentLevel' has LevelScriptBlueprint '/Game/debug.debug:PersistentLevel.debug' with GeneratedClass '/Game/debug.debug_C' with ClassGeneratedBy '/Game/debug.debug:PersistentLevel.debug'
[2017.12.09-06.11.58:878][915]LogPlayLevel: PlayLevel: No blueprints needed recompiling
[2017.12.09-06.11.58:878][915]PIE: New page: PIE session: debug (Dec 8, 2017, 8:11:58 PM)
[2017.12.09-06.11.58:879][915]LogPlayLevel: Creating play world package: /Game/UEDPIE_0_debug
[2017.12.09-06.11.58:887][915]LogPlayLevel: PIE: StaticDuplicateObject took: (0.008584s)
[2017.12.09-06.11.58:888][915]LogAIModule: Creating AISystem for world debug
[2017.12.09-06.11.58:888][915]LogPlayLevel: PIE: World Init took: (0.000873s)
[2017.12.09-06.11.58:888][915]LogPlayLevel: PIE: Created PIE world by copying editor world from /Game/debug.debug to /Game/UEDPIE_0_debug.debug (0.009826s)
[2017.12.09-06.11.58:912][915]LogInit: XAudio2 using 'Speakers / Headphones (Realtek High Definition Audio)' : 2 channels at 48 kHz using 32 bits per sample (channel mask 0x3)
[2017.12.09-06.11.58:921][915]LogInit: FAudioDevice initialized.
[2017.12.09-06.11.58:955][915]LogLoad: Game class is 'FirstPersonGameMode_C'
[2017.12.09-06.11.58:957][915]LogWorld: Bringing World /Game/UEDPIE_0_debug.debug up for play (max tick rate 60) at 2017.12.09-01.11.58
[2017.12.09-06.11.58:957][915]LogWorld: Bringing up level for play took: 0.000958
[2017.12.09-06.11.58:959][915]PIE: Play in editor start time for /Game/UEDPIE_0_debug 1.738
[2017.12.09-06.11.58:959][915]LogBlueprintUserMessages: Late PlayInEditor Detection: Level '/Game/debug.debug:PersistentLevel' has LevelScriptBlueprint '/Game/debug.debug:PersistentLevel.debug' with GeneratedClass '/Game/debug.debug_C' with ClassGeneratedBy '/Game/debug.debug:PersistentLevel.debug'
[2017.12.09-06.12.02:056][ 93]LogBlueprintUserMessages: [NewPlayerCharacter_C_0] EnemyBP_54
[2017.12.09-06.12.02:056][ 93]LogBlueprintUserMessages: [EnemyBP_54] 100.0
[2017.12.09-06.12.02:056][ 93]LogBlueprintUserMessages: [EnemyBP_54] Enemy Died
[2017.12.09-06.12.05:417][294]LogBlueprintUserMessages: Early EndPlayMap Detection: Level '/Game/debug.debug:PersistentLevel' has LevelScriptBlueprint '/Game/debug.debug:PersistentLevel.debug' with GeneratedClass '/Game/debug.debug_C' with ClassGeneratedBy '/Game/debug.debug:PersistentLevel.debug'
[2017.12.09-06.12.05:453][294]LogBlueprintUserMessages: Late EndPlayMap Detection: Level '/Game/debug.debug:PersistentLevel' has LevelScriptBlueprint '/Game/debug.debug:PersistentLevel.debug' with GeneratedClass '/Game/debug.debug_C' with ClassGeneratedBy '/Game/debug.debug:PersistentLevel.debug'
[2017.12.09-06.15.39:247][767]Cmd: OBJ SAVEPACKAGE PACKAGE="/Game/debug" FILE="../../../../../../Users/Lee/Desktop/GameJam2017/SLAY/Saved/Autosaves/Game/debug_Auto3.umap" SILENT=true AUTOSAVING=true KEEPDIRTY=false
[2017.12.09-06.15.39:398][767]LogSavePackage: Save=140.70ms
[2017.12.09-06.15.39:398][767]LogSavePackage: Moving '../../../../../../Users/Lee/Desktop/GameJam2017/SLAY/Saved/debug_Auto30143396C40A9A4DFCC35A294C0BBAF4A.tmp' to '../../../../../../Users/Lee/Desktop/GameJam2017/SLAY/Saved/Autosaves/Game/debug_Auto3.umap'
[2017.12.09-06.15.39:399][767]LogSavePackage: Display: Finished SavePackage ../../../../../../Users/Lee/Desktop/GameJam2017/SLAY/Saved/Autosaves/Game/debug_Auto3.umap
[2017.12.09-06.15.39:404][767]LogFileHelpers: Editor autosave (incl. sublevels) for '/Game/debug' took 0.182
[2017.12.09-06.15.39:404][767]LogFileHelpers: Editor autosave (incl. sublevels) for all levels took 0.182
[2017.12.09-06.15.39:406][767]OBJ SavePackage: Generating thumbnails for [1] asset(s) in package [/Game/Enemy/EnemyBP] ([1] browsable assets)...
[2017.12.09-06.15.39:423][767]OBJ SavePackage:     Rendered thumbnail for [Blueprint /Game/Enemy/EnemyBP.EnemyBP]
[2017.12.09-06.15.39:423][767]OBJ SavePackage: Finished generating thumbnails for package [/Game/Enemy/EnemyBP]
[2017.12.09-06.15.39:423][767]Cmd: OBJ SAVEPACKAGE PACKAGE="/Game/Enemy/EnemyBP" FILE="../../../../../../Users/Lee/Desktop/GameJam2017/SLAY/Saved/Autosaves/Game/Enemy/EnemyBP_Auto3.uasset" SILENT=false AUTOSAVING=true
[2017.12.09-06.15.39:476][767]LogSavePackage: Save=48.27ms
[2017.12.09-06.15.39:476][767]LogSavePackage: Moving '../../../../../../Users/Lee/Desktop/GameJam2017/SLAY/Saved/EnemyBP_Auto30BADBBEA4FD8CE1E27064CBEA1E2BC9F.tmp' to '../../../../../../Users/Lee/Desktop/GameJam2017/SLAY/Saved/Autosaves/Game/Enemy/EnemyBP_Auto3.uasset'
[2017.12.09-06.15.39:477][767]LogSavePackage: Display: Finished SavePackage ../../../../../../Users/Lee/Desktop/GameJam2017/SLAY/Saved/Autosaves/Game/Enemy/EnemyBP_Auto3.uasset
[2017.12.09-06.15.39:477][767]LogFileHelpers: Auto-saving content packages took 0.072
[2017.12.09-06.16.55:167][548]LogSavePackage: Save=121.48ms
[2017.12.09-06.16.55:167][548]LogSavePackage: Moving '../../../../../../Users/Lee/Desktop/GameJam2017/SLAY/Saved/FirstPersonCharacter6AD0EC6A422D0093654D4D8BFF8988DD.tmp' to '../../../../../../Users/Lee/Desktop/GameJam2017/SLAY/Content/FirstPersonBP/Blueprints/FirstPersonCharacter.uasset'
[2017.12.09-06.16.55:168][548]LogSavePackage: Display: Finished SavePackage ../../../../../../Users/Lee/Desktop/GameJam2017/SLAY/Content/FirstPersonBP/Blueprints/FirstPersonCharacter.uasset
[2017.12.09-06.16.56:513][606]LogActorComponent: UnregisterComponent: (/Engine/Transient.EditorFloorComp) Not registered. Aborting.
[2017.12.09-06.16.56:602][606]LogActorComponent: UnregisterComponent: (/Engine/Transient.EditorFloorComp) Not registered. Aborting.
[2017.12.09-06.16.59:806][786]Cmd: OBJ SAVEPACKAGE PACKAGE="/Game/debug" FILE="../../../../../../Users/Lee/Desktop/GameJam2017/SLAY/Content/debug.umap" SILENT=true AUTOSAVING=false KEEPDIRTY=false
[2017.12.09-06.16.59:956][786]LogSavePackage: Save=129.94ms
[2017.12.09-06.16.59:956][786]LogSavePackage: Moving '../../../../../../Users/Lee/Desktop/GameJam2017/SLAY/Saved/debug58FFEE4B4697030FB063678878C66492.tmp' to '../../../../../../Users/Lee/Desktop/GameJam2017/SLAY/Content/debug.umap'
[2017.12.09-06.16.59:962][786]LogSavePackage: Display: Finished SavePackage ../../../../../../Users/Lee/Desktop/GameJam2017/SLAY/Content/debug.umap
[2017.12.09-06.16.59:991][786]LogFileHelpers: Saving map 'debug' took 0.246
[2017.12.09-06.16.59:993][786]Cmd: OBJ SAVEPACKAGE PACKAGE="/Game/Enemy/EnemyBP" FILE="../../../../../../Users/Lee/Desktop/GameJam2017/SLAY/Content/Enemy/EnemyBP.uasset" SILENT=true
[2017.12.09-06.17.00:044][786]LogSavePackage: Save=40.13ms
[2017.12.09-06.17.00:044][786]LogSavePackage: Moving '../../../../../../Users/Lee/Desktop/GameJam2017/SLAY/Saved/EnemyBP7CD17E7247F8EE5A17F98E9F51B89BD4.tmp' to '../../../../../../Users/Lee/Desktop/GameJam2017/SLAY/Content/Enemy/EnemyBP.uasset'
[2017.12.09-06.17.00:047][786]LogSavePackage: Display: Finished SavePackage ../../../../../../Users/Lee/Desktop/GameJam2017/SLAY/Content/Enemy/EnemyBP.uasset
